d:\faks\diplomski rad\diplomskirad\igra\diplomski rad - crazy tower\debug\vc142.pdb
d:\faks\diplomski rad\diplomskirad\igra\diplomski rad - crazy tower\debug\main.obj
d:\faks\diplomski rad\diplomskirad\igra\diplomski rad - crazy tower\debug\utility.obj
d:\faks\diplomski rad\diplomskirad\igra\diplomski rad - crazy tower\debug\state.obj
d:\faks\diplomski rad\diplomskirad\igra\diplomski rad - crazy tower\debug\spritenode.obj
d:\faks\diplomski rad\diplomskirad\igra\diplomski rad - crazy tower\debug\scenenode.obj
d:\faks\diplomski rad\diplomskirad\igra\diplomski rad - crazy tower\debug\resourceholder.obj
d:\faks\diplomski rad\diplomskirad\igra\diplomski rad - crazy tower\debug\player.obj
d:\faks\diplomski rad\diplomskirad\igra\diplomski rad - crazy tower\debug\platforms.obj
d:\faks\diplomski rad\diplomskirad\igra\diplomski rad - crazy tower\debug\platform.obj
d:\faks\diplomski rad\diplomskirad\igra\diplomski rad - crazy tower\debug\game.obj
d:\faks\diplomski rad\diplomskirad\igra\diplomski rad - crazy tower\debug\pausestate.obj
d:\faks\diplomski rad\diplomskirad\igra\diplomski rad - crazy tower\debug\mainmenustate.obj
d:\faks\diplomski rad\diplomskirad\igra\diplomski rad - crazy tower\debug\gamestate.obj
d:\faks\diplomski rad\diplomskirad\igra\diplomski rad - crazy tower\debug\gameoverstate.obj
d:\faks\diplomski rad\diplomskirad\igra\diplomski rad - crazy tower\debug\world.obj
d:\faks\diplomski rad\diplomskirad\igra\diplomski rad - crazy tower\debug\playerdata.obj
d:\faks\diplomski rad\diplomskirad\igra\diplomski rad - crazy tower\debug\playeranimation.obj
d:\faks\diplomski rad\diplomskirad\igra\diplomski rad - crazy tower\debug\onplatformstate.obj
d:\faks\diplomski rad\diplomskirad\igra\diplomski rad - crazy tower\debug\inairstate.obj
d:\faks\diplomski rad\diplomskirad\igra\diplomski rad - crazy tower\debug\statestack.obj
d:\faks\diplomski rad\diplomskirad\igra\diplomski rad - crazy tower\debug\playerstate.obj
d:\faks\diplomski rad\diplomskirad\igra\diplomski rad - crazy tower\debug\towerwalls.obj
d:\faks\diplomski rad\diplomskirad\igra\diplomski rad - crazy tower\debug\tower.obj
d:\faks\diplomski rad\diplomskirad\igra\diplomski rad - crazy tower\debug\menuoption.obj
d:\faks\diplomski rad\diplomskirad\igra\diplomski rad - crazy tower\debug\menu.obj
d:\faks\diplomski rad\diplomskirad\igra\diplomski rad - crazy tower\debug\rectanglenode.obj
d:\faks\diplomski rad\diplomskirad\igra\diplomski rad - crazy tower\debug\instructionsstate.obj
d:\faks\diplomski rad\diplomskirad\igra\diplomski rad - crazy tower\debug\vcpkg.applocal.log
d:\faks\diplomski rad\diplomskirad\igra\diplomski rad - crazy tower\debug\sfml-graphics-d-2.dll
d:\faks\diplomski rad\diplomskirad\igra\diplomski rad - crazy tower\debug\sfml-window-d-2.dll
d:\faks\diplomski rad\diplomskirad\igra\diplomski rad - crazy tower\debug\sfml-system-d-2.dll
d:\faks\diplomski rad\diplomskirad\igra\diplomski rad - crazy tower\debug\freetyped.dll
d:\faks\diplomski rad\diplomskirad\igra\diplomski rad - crazy tower\debug\zlibd1.dll
d:\faks\diplomski rad\diplomskirad\igra\diplomski rad - crazy tower\debug\bz2d.dll
d:\faks\diplomski rad\diplomskirad\igra\diplomski rad - crazy tower\debug\libpng16d.dll
d:\faks\diplomski rad\diplomskirad\igra\diplomski rad - crazy tower\debug\diplomski rad - crazy tower.exe
d:\faks\diplomski rad\diplomskirad\igra\diplomski rad - crazy tower\debug\diplomski rad - crazy tower.ilk
d:\faks\diplomski rad\diplomskirad\igra\diplomski rad - crazy tower\debug\diplomski rad - crazy tower.pdb
d:\faks\diplomski rad\diplomskirad\igra\diplomski rad - crazy tower\debug\diplomsk.9d153d7a.tlog\cl.command.1.tlog
d:\faks\diplomski rad\diplomskirad\igra\diplomski rad - crazy tower\debug\diplomsk.9d153d7a.tlog\cl.read.1.tlog
d:\faks\diplomski rad\diplomskirad\igra\diplomski rad - crazy tower\debug\diplomsk.9d153d7a.tlog\cl.write.1.tlog
d:\faks\diplomski rad\diplomskirad\igra\diplomski rad - crazy tower\debug\diplomsk.9d153d7a.tlog\diplomski rad - crazy tower.write.1u.tlog
d:\faks\diplomski rad\diplomskirad\igra\diplomski rad - crazy tower\debug\diplomsk.9d153d7a.tlog\link.command.1.tlog
d:\faks\diplomski rad\diplomskirad\igra\diplomski rad - crazy tower\debug\diplomsk.9d153d7a.tlog\link.read.1.tlog
d:\faks\diplomski rad\diplomskirad\igra\diplomski rad - crazy tower\debug\diplomsk.9d153d7a.tlog\link.write.1.tlog
