  ComboCounter.cpp
  FloorSpeedTimer.cpp
  Game.cpp
  GameOverState.cpp
  GameState.cpp
  InstructionsState.cpp
  MainMenuState.cpp
  PauseState.cpp
  Platform.cpp
  Platforms.cpp
  Player.cpp
  PlayerAnimation.cpp
  RectangleNode.cpp
  SceneNode.cpp
  State.cpp
  StateStack.cpp
  Tower.cpp
  TowerWalls.cpp
  Main.cpp
  Generating Code...
D:\Faks\Diplomski rad\DiplomskiRad\Igra\Diplomski Rad - Crazy Tower\Source\Platform.cpp(52,29): warning C4244: '=': conversion from 'int' to 'T', possible loss of data
D:\Faks\Diplomski rad\DiplomskiRad\Igra\Diplomski Rad - Crazy Tower\Source\Platform.cpp(52,29): warning C4244:         with
D:\Faks\Diplomski rad\DiplomskiRad\Igra\Diplomski Rad - Crazy Tower\Source\Platform.cpp(52,29): warning C4244:         [
D:\Faks\Diplomski rad\DiplomskiRad\Igra\Diplomski Rad - Crazy Tower\Source\Platform.cpp(52,29): warning C4244:             T=float
D:\Faks\Diplomski rad\DiplomskiRad\Igra\Diplomski Rad - Crazy Tower\Source\Platform.cpp(52,29): warning C4244:         ]
  Diplomski Rad - Crazy Tower.vcxproj -> D:\Faks\Diplomski rad\DiplomskiRad\Igra\Diplomski Rad - Crazy Tower\Debug\Diplomski Rad - Crazy Tower.exe
